2025-12-24 14:37:30.438 | INFO     | app.main:lifespan:33 - 🚀 Iniciando Workana Automation API...
2025-12-24 14:37:30.531 | INFO     | app.main:lifespan:37 - ✅ Banco de dados inicializado
2025-12-24 14:37:31.948 | INFO     | app.main:lifespan:33 - 🚀 Iniciando Workana Automation API...
2025-12-24 14:37:31.973 | INFO     | app.main:lifespan:37 - ✅ Banco de dados inicializado
2025-12-24 14:38:15.550 | INFO     | app.main:lifespan:33 - 🚀 Iniciando Workana Automation API...
2025-12-24 14:38:15.565 | INFO     | app.main:lifespan:37 - ✅ Banco de dados inicializado
2025-12-24 14:41:04.862 | INFO     | app.main:lifespan:41 - 👋 Encerrando aplicação...
2025-12-24 14:41:06.235 | INFO     | app.main:lifespan:33 - 🚀 Iniciando Workana Automation API...
2025-12-24 14:41:06.250 | INFO     | app.main:lifespan:37 - ✅ Banco de dados inicializado
2025-12-24 14:41:36.515 | INFO     | app.main:lifespan:41 - 👋 Encerrando aplicação...
2025-12-24 14:41:37.901 | INFO     | app.main:lifespan:33 - 🚀 Iniciando Workana Automation API...
2025-12-24 14:41:37.915 | INFO     | app.main:lifespan:37 - ✅ Banco de dados inicializado
2025-12-24 14:44:53.890 | INFO     | app.main:lifespan:33 - 🚀 Iniciando Workana Automation API...
2025-12-24 14:44:53.905 | INFO     | app.main:lifespan:37 - ✅ Banco de dados inicializado
2025-12-24 14:51:39.305 | INFO     | app.main:lifespan:41 - 👋 Encerrando aplicação...
2025-12-24 14:51:41.111 | INFO     | app.main:lifespan:33 - 🚀 Iniciando Workana Automation API...
2025-12-24 14:51:41.126 | INFO     | app.main:lifespan:37 - ✅ Banco de dados inicializado
2025-12-24 14:52:29.845 | INFO     | app.main:lifespan:41 - 👋 Encerrando aplicação...
2025-12-24 14:52:31.401 | INFO     | app.main:lifespan:33 - 🚀 Iniciando Workana Automation API...
2025-12-24 14:52:31.416 | INFO     | app.main:lifespan:37 - ✅ Banco de dados inicializado
2025-12-24 14:53:08.522 | INFO     | app.main:lifespan:41 - 👋 Encerrando aplicação...
2025-12-24 14:53:09.902 | INFO     | app.main:lifespan:33 - 🚀 Iniciando Workana Automation API...
2025-12-24 14:53:09.915 | INFO     | app.main:lifespan:37 - ✅ Banco de dados inicializado
2025-12-24 14:56:34.420 | INFO     | app.main:lifespan:33 - 🚀 Iniciando Workana Automation API...
2025-12-24 14:56:34.434 | INFO     | app.main:lifespan:37 - ✅ Banco de dados inicializado
2025-12-24 15:02:36.995 | INFO     | app.main:lifespan:41 - 👋 Encerrando aplicação...
2025-12-24 15:02:38.573 | INFO     | app.main:lifespan:33 - 🚀 Iniciando Workana Automation API...
2025-12-24 15:02:38.590 | INFO     | app.main:lifespan:37 - ✅ Banco de dados inicializado
2025-12-24 15:03:34.169 | INFO     | app.main:lifespan:41 - 👋 Encerrando aplicação...
2025-12-24 15:03:35.648 | INFO     | app.main:lifespan:33 - 🚀 Iniciando Workana Automation API...
2025-12-24 15:03:35.666 | INFO     | app.main:lifespan:37 - ✅ Banco de dados inicializado
2025-12-24 15:04:08.959 | INFO     | app.main:lifespan:41 - 👋 Encerrando aplicação...
2025-12-24 15:04:10.401 | INFO     | app.main:lifespan:33 - 🚀 Iniciando Workana Automation API...
2025-12-24 15:04:10.416 | INFO     | app.main:lifespan:37 - ✅ Banco de dados inicializado
2025-12-24 15:09:08.658 | INFO     | app.main:lifespan:33 - 🚀 Iniciando Workana Automation API...
2025-12-24 15:09:08.674 | INFO     | app.main:lifespan:37 - ✅ Banco de dados inicializado
2025-12-24 15:09:18.636 | INFO     | app.automation.browser:_close_browser:126 - Navegador fechado.
2025-12-24 15:09:18.637 | INFO     | app.automation.browser:start_manual_login:234 - Iniciando navegador em modo visível para login manual...
2025-12-24 15:09:18.643 | ERROR    | app.automation.browser:start_manual_login:278 - Erro ao iniciar login manual: 
2025-12-24 15:09:20.302 | INFO     | app.automation.browser:_close_browser:126 - Navegador fechado.
2025-12-24 15:09:20.302 | INFO     | app.automation.browser:start_manual_login:234 - Iniciando navegador em modo visível para login manual...
2025-12-24 15:09:20.304 | ERROR    | app.automation.browser:start_manual_login:278 - Erro ao iniciar login manual: 
2025-12-24 15:09:25.285 | INFO     | app.automation.browser:_close_browser:126 - Navegador fechado.
2025-12-24 15:09:25.286 | INFO     | app.automation.browser:start_manual_login:234 - Iniciando navegador em modo visível para login manual...
2025-12-24 15:09:25.287 | ERROR    | app.automation.browser:start_manual_login:278 - Erro ao iniciar login manual: 
2025-12-24 15:16:32.298 | INFO     | app.main:lifespan:33 - 🚀 Iniciando Workana Automation API...
2025-12-24 15:16:32.316 | INFO     | app.main:lifespan:37 - ✅ Banco de dados inicializado
2025-12-24 15:16:49.590 | INFO     | app.automation.browser:_close_browser:126 - Navegador fechado.
2025-12-24 15:16:49.590 | INFO     | app.automation.browser:start_manual_login:234 - Iniciando navegador em modo visível para login manual...
2025-12-24 15:16:49.594 | ERROR    | app.automation.browser:start_manual_login:278 - Erro ao iniciar login manual: 
2025-12-24 15:16:52.114 | INFO     | app.automation.browser:_close_browser:126 - Navegador fechado.
2025-12-24 15:16:52.114 | INFO     | app.automation.browser:start_manual_login:234 - Iniciando navegador em modo visível para login manual...
2025-12-24 15:16:52.116 | ERROR    | app.automation.browser:start_manual_login:278 - Erro ao iniciar login manual: 
2025-12-24 15:20:54.398 | INFO     | app.main:lifespan:33 - 🚀 Iniciando Workana Automation API...
2025-12-24 15:20:54.415 | INFO     | app.main:lifespan:37 - ✅ Banco de dados inicializado
2025-12-24 15:21:03.265 | INFO     | app.automation.browser:_close_browser:126 - Navegador fechado.
2025-12-24 15:21:03.265 | INFO     | app.automation.browser:start_manual_login:234 - Iniciando navegador em modo visível para login manual...
2025-12-24 15:21:03.269 | ERROR    | app.automation.browser:start_manual_login:278 - Erro ao iniciar login manual: 
2025-12-24 15:22:58.406 | INFO     | app.main:lifespan:41 - 👋 Encerrando aplicação...
2025-12-24 15:23:00.457 | INFO     | app.main:lifespan:33 - 🚀 Iniciando Workana Automation API...
2025-12-24 15:23:00.474 | INFO     | app.main:lifespan:37 - ✅ Banco de dados inicializado
2025-12-24 15:23:40.635 | INFO     | app.main:lifespan:41 - 👋 Encerrando aplicação...
2025-12-24 15:23:42.211 | INFO     | app.main:lifespan:33 - 🚀 Iniciando Workana Automation API...
2025-12-24 15:23:42.234 | INFO     | app.main:lifespan:37 - ✅ Banco de dados inicializado
2025-12-24 15:24:34.554 | INFO     | app.main:lifespan:41 - 👋 Encerrando aplicação...
2025-12-24 15:24:36.173 | INFO     | app.main:lifespan:33 - 🚀 Iniciando Workana Automation API...
2025-12-24 15:24:36.197 | INFO     | app.main:lifespan:37 - ✅ Banco de dados inicializado
2025-12-24 15:24:43.465 | INFO     | app.main:lifespan:41 - 👋 Encerrando aplicação...
2025-12-24 15:24:45.381 | INFO     | app.main:lifespan:33 - 🚀 Iniciando Workana Automation API...
2025-12-24 15:24:45.397 | INFO     | app.main:lifespan:37 - ✅ Banco de dados inicializado
2025-12-24 15:24:56.695 | INFO     | app.automation.browser:_close_browser:126 - Navegador fechado.
2025-12-24 15:24:56.695 | INFO     | app.automation.browser:start_manual_login:234 - Iniciando navegador em modo visível para login manual...
2025-12-24 15:24:56.700 | ERROR    | app.automation.browser:start_manual_login:280 - Erro ao iniciar login manual: NotImplementedError()
Traceback: Traceback (most recent call last):
  File "C:\Users\Luna\Desktop\Workana\backend\app\automation\browser.py", line 235, in start_manual_login
    self._playwright = await async_playwright().start()
                       ^^^^^^^^^^^^^^^^^^^^^^^^^^^^^^^^
  File "C:\Users\Luna\Desktop\Workana\backend\venv\Lib\site-packages\playwright\async_api\_context_manager.py", line 51, in start
    return await self.__aenter__()
           ^^^^^^^^^^^^^^^^^^^^^^^
  File "C:\Users\Luna\Desktop\Workana\backend\venv\Lib\site-packages\playwright\async_api\_context_manager.py", line 46, in __aenter__
    playwright = AsyncPlaywright(next(iter(done)).result())
                                 ~~~~~~~~~~~~~~~~~~~~~~~^^
  File "C:\Users\Luna\Desktop\Workana\backend\venv\Lib\site-packages\playwright\_impl\_transport.py", line 120, in connect
    self._proc = await asyncio.create_subprocess_exec(
                 ^^^^^^^^^^^^^^^^^^^^^^^^^^^^^^^^^^^^^
    ...<9 lines>...
    )
    ^
  File "C:\Python314\Lib\asyncio\subprocess.py", line 224, in create_subprocess_exec
    transport, protocol = await loop.subprocess_exec(
                          ^^^^^^^^^^^^^^^^^^^^^^^^^^^
    ...<3 lines>...
        stderr=stderr, **kwds)
        ^^^^^^^^^^^^^^^^^^^^^^
  File "C:\Python314\Lib\asyncio\base_events.py", line 1798, in subprocess_exec
    transport = await self._make_subprocess_transport(
                ^^^^^^^^^^^^^^^^^^^^^^^^^^^^^^^^^^^^^^
        protocol, popen_args, False, stdin, stdout, stderr,
        ^^^^^^^^^^^^^^^^^^^^^^^^^^^^^^^^^^^^^^^^^^^^^^^^^^^
        bufsize, **kwargs)
        ^^^^^^^^^^^^^^^^^^
  File "C:\Python314\Lib\asyncio\base_events.py", line 533, in _make_subprocess_transport
    raise NotImplementedError
NotImplementedError

2025-12-24 15:25:15.420 | INFO     | app.main:lifespan:41 - 👋 Encerrando aplicação...
2025-12-24 15:25:24.865 | INFO     | app.main:lifespan:39 - 🚀 Iniciando Workana Automation API...
2025-12-24 15:25:24.879 | INFO     | app.main:lifespan:43 - ✅ Banco de dados inicializado
2025-12-24 15:27:02.665 | INFO     | app.automation.browser:_close_browser:126 - Navegador fechado.
2025-12-24 15:27:02.666 | INFO     | app.automation.browser:start_manual_login:234 - Iniciando navegador em modo visível para login manual...
2025-12-24 15:27:02.670 | ERROR    | app.automation.browser:start_manual_login:280 - Erro ao iniciar login manual: NotImplementedError()
Traceback: Traceback (most recent call last):
  File "C:\Users\Luna\Desktop\Workana\backend\app\automation\browser.py", line 235, in start_manual_login
    self._playwright = await async_playwright().start()
                       ^^^^^^^^^^^^^^^^^^^^^^^^^^^^^^^^
  File "C:\Users\Luna\Desktop\Workana\backend\venv\Lib\site-packages\playwright\async_api\_context_manager.py", line 51, in start
    return await self.__aenter__()
           ^^^^^^^^^^^^^^^^^^^^^^^
  File "C:\Users\Luna\Desktop\Workana\backend\venv\Lib\site-packages\playwright\async_api\_context_manager.py", line 46, in __aenter__
    playwright = AsyncPlaywright(next(iter(done)).result())
                                 ~~~~~~~~~~~~~~~~~~~~~~~^^
  File "C:\Users\Luna\Desktop\Workana\backend\venv\Lib\site-packages\playwright\_impl\_transport.py", line 120, in connect
    self._proc = await asyncio.create_subprocess_exec(
                 ^^^^^^^^^^^^^^^^^^^^^^^^^^^^^^^^^^^^^
    ...<9 lines>...
    )
    ^
  File "C:\Python314\Lib\asyncio\subprocess.py", line 224, in create_subprocess_exec
    transport, protocol = await loop.subprocess_exec(
                          ^^^^^^^^^^^^^^^^^^^^^^^^^^^
    ...<3 lines>...
        stderr=stderr, **kwds)
        ^^^^^^^^^^^^^^^^^^^^^^
  File "C:\Python314\Lib\asyncio\base_events.py", line 1798, in subprocess_exec
    transport = await self._make_subprocess_transport(
                ^^^^^^^^^^^^^^^^^^^^^^^^^^^^^^^^^^^^^^
        protocol, popen_args, False, stdin, stdout, stderr,
        ^^^^^^^^^^^^^^^^^^^^^^^^^^^^^^^^^^^^^^^^^^^^^^^^^^^
        bufsize, **kwargs)
        ^^^^^^^^^^^^^^^^^^
  File "C:\Python314\Lib\asyncio\base_events.py", line 533, in _make_subprocess_transport
    raise NotImplementedError
NotImplementedError

2025-12-24 15:28:05.701 | INFO     | app.main:lifespan:47 - 👋 Encerrando aplicação...
2025-12-24 15:28:07.478 | INFO     | app.main:lifespan:39 - 🚀 Iniciando Workana Automation API...
2025-12-24 15:28:07.493 | INFO     | app.main:lifespan:43 - ✅ Banco de dados inicializado
2025-12-24 15:28:55.349 | INFO     | app.main:lifespan:47 - 👋 Encerrando aplicação...
2025-12-24 15:28:56.942 | INFO     | app.main:lifespan:39 - 🚀 Iniciando Workana Automation API...
2025-12-24 15:28:56.966 | INFO     | app.main:lifespan:43 - ✅ Banco de dados inicializado
2025-12-24 15:29:46.609 | INFO     | app.main:lifespan:39 - 🚀 Iniciando Workana Automation API...
2025-12-24 15:29:46.625 | INFO     | app.main:lifespan:43 - ✅ Banco de dados inicializado
2025-12-24 15:29:56.898 | INFO     | app.automation.browser:_close_browser:126 - Navegador fechado.
2025-12-24 15:29:56.898 | INFO     | app.automation.browser:start_manual_login:234 - Iniciando navegador em modo visível para login manual...
2025-12-24 15:29:56.903 | ERROR    | app.automation.browser:start_manual_login:280 - Erro ao iniciar login manual: NotImplementedError()
Traceback: Traceback (most recent call last):
  File "C:\Users\Luna\Desktop\Workana\backend\app\automation\browser.py", line 235, in start_manual_login
    self._playwright = await async_playwright().start()
                       ^^^^^^^^^^^^^^^^^^^^^^^^^^^^^^^^
  File "C:\Users\Luna\Desktop\Workana\backend\venv\Lib\site-packages\playwright\async_api\_context_manager.py", line 51, in start
    return await self.__aenter__()
           ^^^^^^^^^^^^^^^^^^^^^^^
  File "C:\Users\Luna\Desktop\Workana\backend\venv\Lib\site-packages\playwright\async_api\_context_manager.py", line 46, in __aenter__
    playwright = AsyncPlaywright(next(iter(done)).result())
                                 ~~~~~~~~~~~~~~~~~~~~~~~^^
  File "C:\Users\Luna\Desktop\Workana\backend\venv\Lib\site-packages\playwright\_impl\_transport.py", line 120, in connect
    self._proc = await asyncio.create_subprocess_exec(
                 ^^^^^^^^^^^^^^^^^^^^^^^^^^^^^^^^^^^^^
    ...<9 lines>...
    )
    ^
  File "C:\Python314\Lib\asyncio\subprocess.py", line 224, in create_subprocess_exec
    transport, protocol = await loop.subprocess_exec(
                          ^^^^^^^^^^^^^^^^^^^^^^^^^^^
    ...<3 lines>...
        stderr=stderr, **kwds)
        ^^^^^^^^^^^^^^^^^^^^^^
  File "C:\Python314\Lib\asyncio\base_events.py", line 1798, in subprocess_exec
    transport = await self._make_subprocess_transport(
                ^^^^^^^^^^^^^^^^^^^^^^^^^^^^^^^^^^^^^^
        protocol, popen_args, False, stdin, stdout, stderr,
        ^^^^^^^^^^^^^^^^^^^^^^^^^^^^^^^^^^^^^^^^^^^^^^^^^^^
        bufsize, **kwargs)
        ^^^^^^^^^^^^^^^^^^
  File "C:\Python314\Lib\asyncio\base_events.py", line 533, in _make_subprocess_transport
    raise NotImplementedError
NotImplementedError

2025-12-24 15:31:11.558 | INFO     | app.main:lifespan:47 - 👋 Encerrando aplicação...
2025-12-24 15:31:13.099 | INFO     | app.main:lifespan:39 - 🚀 Iniciando Workana Automation API...
2025-12-24 15:31:13.114 | INFO     | app.main:lifespan:43 - ✅ Banco de dados inicializado
2025-12-24 15:31:56.048 | INFO     | app.main:lifespan:39 - 🚀 Iniciando Workana Automation API...
2025-12-24 15:31:56.063 | INFO     | app.main:lifespan:43 - ✅ Banco de dados inicializado
2025-12-24 15:32:23.542 | INFO     | app.automation.browser:_close_browser:126 - Navegador fechado.
2025-12-24 15:32:23.543 | INFO     | app.automation.browser:start_manual_login:234 - Iniciando navegador em modo visível para login manual...
2025-12-24 15:32:26.576 | INFO     | app.automation.browser:start_manual_login:262 - Navegador aberto! Aguardando login manual...
2025-12-24 15:34:41.339 | ERROR    | app.automation.browser:confirm_manual_login:334 - Erro ao confirmar login: Page.goto: Timeout 30000ms exceeded.
Call log:
  - navigating to "https://www.workana.com/dashboard", waiting until "networkidle"

2025-12-24 15:35:53.572 | INFO     | app.main:lifespan:39 - 🚀 Iniciando Workana Automation API...
2025-12-24 15:35:53.588 | INFO     | app.main:lifespan:43 - ✅ Banco de dados inicializado
2025-12-24 15:36:04.368 | INFO     | app.automation.browser:_close_browser:126 - Navegador fechado.
2025-12-24 15:36:04.368 | INFO     | app.automation.browser:start_manual_login:234 - Iniciando navegador em modo visível para login manual...
2025-12-24 15:36:07.571 | INFO     | app.automation.browser:start_manual_login:262 - Navegador aberto! Aguardando login manual...
2025-12-24 15:36:43.890 | INFO     | app.automation.browser:_save_session:135 - Sessão salva em C:\Users\Luna\Desktop\Workana\backend\app\automation\..\..\..\session_data.json
2025-12-24 15:36:44.135 | INFO     | app.automation.browser:_close_browser:126 - Navegador fechado.
2025-12-24 15:36:44.135 | SUCCESS  | app.automation.browser:confirm_manual_login:331 - Login manual confirmado e sessão salva!
2025-12-24 15:44:11.963 | INFO     | app.main:lifespan:39 - 🚀 Iniciando Workana Automation API...
2025-12-24 15:44:11.982 | INFO     | app.main:lifespan:43 - ✅ Banco de dados inicializado
2025-12-24 15:44:24.454 | INFO     | app.automation.browser:_init_browser:61 - Inicializando navegador Playwright com anti-detecção...
2025-12-24 15:44:33.100 | INFO     | app.automation.browser:_init_browser:114 - Navegador inicializado com proteção anti-ban!
2025-12-24 15:44:33.109 | INFO     | app.automation.browser:_load_session:153 - Sessão carregada com sucesso!
2025-12-24 15:45:03.233 | ERROR    | app.automation.browser:login_with_session:212 - Erro ao usar sessão: Page.goto: Timeout 30000ms exceeded.
Call log:
  - navigating to "https://www.workana.com/", waiting until "networkidle"

2025-12-24 15:46:58.258 | INFO     | app.api.routes:save_credentials:32 - Credenciais salvas para wenabe2255@m3player.com
2025-12-24 15:46:58.266 | INFO     | app.automation.browser:login:405 - Navegando para página de login: https://www.workana.com/login
2025-12-24 15:47:28.386 | ERROR    | app.automation.browser:login:450 - Erro durante login: Page.goto: Timeout 30000ms exceeded.
Call log:
  - navigating to "https://www.workana.com/login", waiting until "networkidle"

2025-12-24 15:50:51.096 | INFO     | app.main:lifespan:39 - 🚀 Iniciando Workana Automation API...
2025-12-24 15:50:51.110 | INFO     | app.main:lifespan:43 - ✅ Banco de dados inicializado
2025-12-24 15:50:51.111 | INFO     | app.main:lifespan:47 - 👋 Encerrando aplicação...
2025-12-24 15:51:05.663 | INFO     | app.api.routes:save_credentials:32 - Credenciais salvas para wenabe2255@m3player.com
2025-12-24 15:51:05.670 | INFO     | app.automation.browser:login:405 - Navegando para página de login: https://www.workana.com/login
2025-12-24 15:51:05.674 | ERROR    | app.automation.browser:login:450 - Erro durante login: Page.goto: Target page, context or browser has been closed
2025-12-24 15:54:44.356 | INFO     | app.main:lifespan:39 - 🚀 Iniciando Workana Automation API...
2025-12-24 15:54:44.372 | INFO     | app.main:lifespan:43 - ✅ Banco de dados inicializado
2025-12-24 15:55:01.582 | INFO     | app.api.routes:save_credentials:32 - Credenciais salvas para wenabe2255@m3player.com
2025-12-24 15:55:01.589 | INFO     | app.automation.browser:_init_browser:61 - Inicializando navegador Playwright com anti-detecção...
2025-12-24 15:55:02.310 | INFO     | app.automation.browser:_init_browser:114 - Navegador inicializado com proteção anti-ban!
2025-12-24 15:55:02.311 | INFO     | app.automation.browser:login:405 - Navegando para página de login: https://www.workana.com/login
2025-12-24 15:55:03.001 | DEBUG    | app.automation.antiban:random_delay:134 - Aguardando 3602ms...
2025-12-24 15:55:06.615 | INFO     | app.automation.browser:login:410 - Preenchendo email...
2025-12-24 15:55:06.786 | DEBUG    | app.automation.antiban:random_delay:134 - Aguardando 869ms...
2025-12-24 15:55:07.661 | INFO     | app.automation.browser:login:416 - Preenchendo senha...
2025-12-24 15:55:07.785 | DEBUG    | app.automation.antiban:random_delay:134 - Aguardando 1845ms...
2025-12-24 15:55:09.633 | INFO     | app.automation.browser:login:422 - Clicando no botão de login...
2025-12-24 15:55:12.801 | SUCCESS  | app.automation.browser:login:439 - Login realizado com sucesso!
2025-12-24 16:03:06.258 | INFO     | app.main:lifespan:39 - 🚀 Iniciando Workana Automation API...
2025-12-24 16:03:06.274 | INFO     | app.main:lifespan:43 - ✅ Banco de dados inicializado
2025-12-24 16:03:06.276 | INFO     | app.main:lifespan:47 - 👋 Encerrando aplicação...
2025-12-24 16:04:51.782 | INFO     | app.main:lifespan:39 - 🚀 Iniciando Workana Automation API...
2025-12-24 16:04:51.800 | INFO     | app.main:lifespan:43 - ✅ Banco de dados inicializado
2025-12-24 16:05:11.589 | INFO     | app.api.routes:save_credentials:32 - Credenciais salvas para wenabe2255@m3player.com
2025-12-24 16:05:11.599 | INFO     | app.automation.browser:_init_browser:61 - Inicializando navegador Playwright com anti-detecção...
2025-12-24 16:05:12.347 | INFO     | app.automation.browser:_init_browser:114 - Navegador inicializado com proteção anti-ban!
2025-12-24 16:05:12.347 | INFO     | app.automation.browser:login:405 - Navegando para página de login: https://www.workana.com/login
2025-12-24 16:05:13.085 | DEBUG    | app.automation.antiban:random_delay:134 - Aguardando 3156ms...
2025-12-24 16:05:16.242 | INFO     | app.automation.browser:login:410 - Preenchendo email...
2025-12-24 16:05:16.412 | DEBUG    | app.automation.antiban:random_delay:134 - Aguardando 757ms...
2025-12-24 16:05:17.170 | INFO     | app.automation.browser:login:416 - Preenchendo senha...
2025-12-24 16:05:17.295 | DEBUG    | app.automation.antiban:random_delay:134 - Aguardando 2791ms...
2025-12-24 16:05:20.098 | INFO     | app.automation.browser:login:422 - Clicando no botão de login...
2025-12-24 16:05:57.137 | INFO     | app.api.routes:save_credentials:32 - Credenciais salvas para wenabe2255@m3player.com
2025-12-24 16:05:57.145 | INFO     | app.automation.browser:login:405 - Navegando para página de login: https://www.workana.com/login
2025-12-24 16:05:57.520 | DEBUG    | app.automation.antiban:random_delay:134 - Aguardando 4192ms...
2025-12-24 16:06:01.720 | INFO     | app.automation.browser:login:410 - Preenchendo email...
2025-12-24 16:06:01.862 | DEBUG    | app.automation.antiban:random_delay:134 - Aguardando 2247ms...
2025-12-24 16:06:04.112 | INFO     | app.automation.browser:login:416 - Preenchendo senha...
2025-12-24 16:06:04.236 | DEBUG    | app.automation.antiban:random_delay:134 - Aguardando 584ms...
2025-12-24 16:06:04.826 | INFO     | app.automation.browser:login:422 - Clicando no botão de login...
2025-12-24 16:06:31.669 | INFO     | app.api.routes:save_credentials:32 - Credenciais salvas para wenabe2255@m3player.com
2025-12-24 16:06:31.676 | INFO     | app.automation.browser:login:405 - Navegando para página de login: https://www.workana.com/login
2025-12-24 16:06:32.034 | DEBUG    | app.automation.antiban:random_delay:134 - Aguardando 3851ms...
2025-12-24 16:06:35.900 | INFO     | app.automation.browser:login:410 - Preenchendo email...
2025-12-24 16:06:36.039 | DEBUG    | app.automation.antiban:random_delay:134 - Aguardando 1135ms...
2025-12-24 16:06:37.188 | INFO     | app.automation.browser:login:416 - Preenchendo senha...
2025-12-24 16:06:37.312 | DEBUG    | app.automation.antiban:random_delay:134 - Aguardando 1037ms...
2025-12-24 16:06:38.353 | INFO     | app.automation.browser:login:422 - Clicando no botão de login...
2025-12-24 16:06:56.993 | INFO     | app.api.routes:save_credentials:32 - Credenciais salvas para wenabe2255@m3player.com
2025-12-24 16:06:57.000 | INFO     | app.automation.browser:login:405 - Navegando para página de login: https://www.workana.com/login
2025-12-24 16:06:57.355 | DEBUG    | app.automation.antiban:random_delay:134 - Aguardando 2897ms...
2025-12-24 16:07:00.259 | INFO     | app.automation.browser:login:410 - Preenchendo email...
2025-12-24 16:07:00.398 | DEBUG    | app.automation.antiban:random_delay:134 - Aguardando 723ms...
2025-12-24 16:07:01.129 | INFO     | app.automation.browser:login:416 - Preenchendo senha...
2025-12-24 16:07:01.253 | DEBUG    | app.automation.antiban:random_delay:134 - Aguardando 1880ms...
2025-12-24 16:07:03.136 | INFO     | app.automation.browser:login:422 - Clicando no botão de login...
2025-12-24 16:07:06.299 | SUCCESS  | app.automation.browser:login:439 - Login realizado com sucesso!
2025-12-24 16:08:19.970 | INFO     | app.main:lifespan:39 - 🚀 Iniciando Workana Automation API...
2025-12-24 16:08:19.990 | INFO     | app.main:lifespan:43 - ✅ Banco de dados inicializado
2025-12-24 16:08:19.992 | INFO     | app.main:lifespan:47 - 👋 Encerrando aplicação...
2025-12-24 16:10:18.415 | INFO     | app.main:lifespan:39 - 🚀 Iniciando Workana Automation API...
2025-12-24 16:10:18.432 | INFO     | app.main:lifespan:43 - ✅ Banco de dados inicializado
2025-12-24 16:10:28.901 | INFO     | app.automation.browser:_init_browser:61 - Inicializando navegador Playwright com anti-detecção...
2025-12-24 16:10:29.683 | INFO     | app.automation.browser:_init_browser:114 - Navegador inicializado com proteção anti-ban!
2025-12-24 16:10:29.692 | INFO     | app.automation.browser:_load_session:153 - Sessão carregada com sucesso!
2025-12-24 16:10:59.807 | ERROR    | app.automation.browser:login_with_session:212 - Erro ao usar sessão: Page.goto: Timeout 30000ms exceeded.
Call log:
  - navigating to "https://www.workana.com/", waiting until "networkidle"

2025-12-24 16:12:48.649 | INFO     | app.api.routes:save_credentials:32 - Credenciais salvas para wenabe2255@m3player.com
2025-12-24 16:12:48.657 | INFO     | app.automation.browser:login:405 - Navegando para página de login: https://www.workana.com/login
2025-12-24 16:12:49.421 | DEBUG    | app.automation.antiban:random_delay:134 - Aguardando 2455ms...
2025-12-24 16:12:51.886 | INFO     | app.automation.browser:login:410 - Preenchendo email...
2025-12-24 16:13:01.893 | ERROR    | app.automation.browser:login:469 - Erro durante login: Page.wait_for_selector: Timeout 10000ms exceeded.
Call log:
  - waiting for locator("input[name=\"email\"], input[type=\"email\"]") to be visible

2025-12-24 16:14:48.982 | INFO     | app.main:lifespan:39 - 🚀 Iniciando Workana Automation API...
2025-12-24 16:14:48.997 | INFO     | app.main:lifespan:43 - ✅ Banco de dados inicializado
2025-12-24 16:14:48.998 | INFO     | app.main:lifespan:47 - 👋 Encerrando aplicação...
2025-12-24 16:15:03.084 | INFO     | app.api.routes:save_credentials:32 - Credenciais salvas para wenabe2255@m3player.com
2025-12-24 16:15:03.091 | INFO     | app.automation.browser:login:405 - Navegando para página de login: https://www.workana.com/login
2025-12-24 16:15:03.094 | WARNING  | app.automation.browser:login:456 - Navegador parece estar fechado. Tentando reiniciar...
2025-12-24 16:17:09.748 | INFO     | app.main:lifespan:39 - 🚀 Iniciando Workana Automation API...
2025-12-24 16:17:09.763 | INFO     | app.main:lifespan:43 - ✅ Banco de dados inicializado
2025-12-24 16:17:37.530 | INFO     | app.api.routes:save_credentials:32 - Credenciais salvas para wenabe2255@m3player.com
2025-12-24 16:17:37.541 | INFO     | app.automation.browser:_init_browser:61 - Inicializando navegador Playwright com anti-detecção...
2025-12-24 16:17:38.268 | INFO     | app.automation.browser:_init_browser:114 - Navegador inicializado com proteção anti-ban!
2025-12-24 16:17:38.268 | INFO     | app.automation.browser:login:405 - Navegando para página de login: https://www.workana.com/login
2025-12-24 16:17:38.269 | INFO     | app.automation.browser:login:406 - Navegando para página de login: https://www.workana.com/login
2025-12-24 16:17:40.078 | DEBUG    | app.automation.antiban:random_delay:134 - Aguardando 3675ms...
2025-12-24 16:17:43.760 | INFO     | app.automation.browser:login:415 - Preenchendo email...
2025-12-24 16:17:43.760 | INFO     | app.automation.browser:login:417 - Preenchendo email...
2025-12-24 16:17:43.930 | DEBUG    | app.automation.antiban:random_delay:134 - Aguardando 1843ms...
2025-12-24 16:17:45.775 | INFO     | app.automation.browser:login:423 - Preenchendo senha...
2025-12-24 16:17:45.899 | DEBUG    | app.automation.antiban:random_delay:134 - Aguardando 1545ms...
2025-12-24 16:17:47.452 | INFO     | app.automation.browser:login:429 - Clicando no botão de login...
2025-12-24 16:17:50.629 | SUCCESS  | app.automation.browser:login:446 - Login realizado com sucesso!
2025-12-24 16:18:06.236 | INFO     | app.automation.browser:search_projects:523 - Buscando projetos em: https://www.workana.com/jobs?category=it-programming
2025-12-24 16:18:08.684 | DEBUG    | app.automation.antiban:random_delay:134 - Aguardando 3147ms...
2025-12-24 16:18:13.455 | INFO     | app.automation.browser:search_projects:539 - Encontrados 20 projetos
2025-12-24 16:24:21.478 | INFO     | app.automation.browser:search_projects:523 - Buscando projetos em: https://www.workana.com/jobs?category=it-programming
2025-12-24 16:24:23.847 | DEBUG    | app.automation.antiban:random_delay:134 - Aguardando 3115ms...
2025-12-24 16:24:28.527 | INFO     | app.automation.browser:search_projects:539 - Encontrados 20 projetos
2025-12-24 16:29:19.744 | INFO     | app.main:lifespan:39 - 🚀 Iniciando Workana Automation API...
2025-12-24 16:29:19.761 | INFO     | app.main:lifespan:43 - ✅ Banco de dados inicializado
2025-12-24 16:29:19.762 | INFO     | app.main:lifespan:47 - 👋 Encerrando aplicação...
2025-12-24 16:29:33.701 | INFO     | app.automation.browser:search_projects:523 - Buscando projetos em: https://www.workana.com/jobs?category=it-programming
2025-12-24 16:29:33.812 | ERROR    | app.automation.browser:search_projects:544 - Erro na busca: Page.goto: Page crashed
Call log:
  - navigating to "https://www.workana.com/jobs?category=it-programming", waiting until "networkidle"

2025-12-24 16:29:35.620 | INFO     | app.automation.browser:search_projects:523 - Buscando projetos em: https://www.workana.com/jobs?category=it-programming
2025-12-24 16:29:35.732 | ERROR    | app.automation.browser:search_projects:544 - Erro na busca: Page.goto: Page crashed
Call log:
  - navigating to "https://www.workana.com/jobs?category=it-programming", waiting until "networkidle"

2025-12-24 16:39:12.828 | INFO     | app.main:lifespan:39 - 🚀 Iniciando Workana Automation API...
2025-12-24 16:39:12.844 | INFO     | app.main:lifespan:43 - ✅ Banco de dados inicializado
2025-12-24 16:39:21.962 | INFO     | app.automation.components.browser_driver:init_browser:40 - Inicializando navegador Playwright (Componente)...
2025-12-24 16:39:22.748 | INFO     | app.automation.components.auth_handler:load_session_to_context:41 - Cookies carregados no contexto.
2025-12-24 16:39:22.821 | INFO     | app.automation.components.browser_driver:init_browser:82 - Navegador inicializado com sucesso!
2025-12-24 16:39:52.937 | ERROR    | app.automation.components.auth_handler:login_with_session:97 - Erro ao logar com sessão: Page.goto: Timeout 30000ms exceeded.
Call log:
  - navigating to "https://www.workana.com/", waiting until "networkidle"

2025-12-24 16:40:28.741 | INFO     | app.api.routes:search_projects:181 - Tentando restaurar sessão automaticamente...
2025-12-24 16:40:52.644 | ERROR    | app.automation.components.auth_handler:login_with_session:97 - Erro ao logar com sessão: Page.goto: Page crashed
Call log:
  - navigating to "https://www.workana.com/", waiting until "networkidle"

2025-12-24 16:40:52.969 | INFO     | app.main:lifespan:39 - 🚀 Iniciando Workana Automation API...
2025-12-24 16:40:52.985 | INFO     | app.main:lifespan:43 - ✅ Banco de dados inicializado
2025-12-24 16:40:52.986 | INFO     | app.main:lifespan:47 - 👋 Encerrando aplicação...
2025-12-24 16:41:29.200 | INFO     | app.main:lifespan:39 - 🚀 Iniciando Workana Automation API...
2025-12-24 16:41:29.214 | INFO     | app.main:lifespan:43 - ✅ Banco de dados inicializado
2025-12-24 16:41:41.237 | INFO     | app.api.routes:search_projects:181 - Tentando restaurar sessão automaticamente...
2025-12-24 16:41:41.237 | INFO     | app.automation.components.browser_driver:init_browser:40 - Inicializando navegador Playwright (Componente)...
2025-12-24 16:41:41.890 | INFO     | app.automation.components.auth_handler:load_session_to_context:41 - Cookies carregados no contexto.
2025-12-24 16:41:41.953 | INFO     | app.automation.components.browser_driver:init_browser:82 - Navegador inicializado com sucesso!
2025-12-24 16:42:12.074 | ERROR    | app.automation.components.auth_handler:login_with_session:97 - Erro ao logar com sessão: Page.goto: Timeout 30000ms exceeded.
Call log:
  - navigating to "https://www.workana.com/", waiting until "networkidle"

2025-12-24 16:48:45.719 | INFO     | app.main:lifespan:39 - 🚀 Iniciando Workana Automation API...
2025-12-24 16:48:45.736 | INFO     | app.main:lifespan:43 - ✅ Banco de dados inicializado
2025-12-24 16:48:45.737 | INFO     | app.main:lifespan:47 - 👋 Encerrando aplicação...
2025-12-24 16:50:57.700 | INFO     | app.main:lifespan:39 - 🚀 Iniciando Workana Automation API...
2025-12-24 16:50:57.715 | INFO     | app.main:lifespan:43 - ✅ Banco de dados inicializado
2025-12-24 16:51:08.895 | ERROR    | app.automation.browser:search_projects:138 - Erro no Fast Search: No module named 'bs4', caindo para Browser.
2025-12-24 16:51:08.895 | INFO     | app.automation.components.browser_driver:init_browser:40 - Inicializando navegador Playwright (Componente)...
2025-12-24 16:51:09.656 | INFO     | app.automation.components.browser_driver:init_browser:82 - Navegador inicializado com sucesso!
2025-12-24 16:51:09.657 | INFO     | app.automation.components.project_scraper:search_projects:46 - Scraping página 1: https://www.workana.com/jobs?category=it-programming
2025-12-24 16:51:13.380 | INFO     | app.automation.components.project_scraper:search_projects:70 - Extraídos 9 projetos da página 1
2025-12-24 16:53:56.508 | INFO     | app.main:lifespan:39 - 🚀 Iniciando Workana Automation API...
2025-12-24 16:53:56.525 | INFO     | app.main:lifespan:43 - ✅ Banco de dados inicializado
2025-12-24 16:53:56.526 | INFO     | app.main:lifespan:47 - 👋 Encerrando aplicação...
2025-12-24 16:54:08.749 | ERROR    | app.automation.browser:search_projects:138 - Erro no Fast Search: No module named 'bs4', caindo para Browser.
2025-12-24 16:54:08.750 | INFO     | app.automation.components.project_scraper:search_projects:46 - Scraping página 1: https://www.workana.com/jobs?category=it-programming
2025-12-24 16:54:08.754 | WARNING  | app.automation.components.project_scraper:search_projects:52 - Erro ao carregar página 1: Page.goto: Target page, context or browser has been closed
2025-12-24 16:54:08.756 | ERROR    | app.automation.browser:search_projects:157 - Erro na busca: Page.query_selector_all: Target page, context or browser has been closed
2025-12-24 16:54:09.809 | ERROR    | app.automation.browser:search_projects:138 - Erro no Fast Search: No module named 'bs4', caindo para Browser.
2025-12-24 16:54:09.809 | INFO     | app.automation.components.project_scraper:search_projects:46 - Scraping página 1: https://www.workana.com/jobs?category=it-programming
2025-12-24 16:54:09.812 | WARNING  | app.automation.components.project_scraper:search_projects:52 - Erro ao carregar página 1: Page.goto: Target page, context or browser has been closed
2025-12-24 16:54:09.814 | ERROR    | app.automation.browser:search_projects:157 - Erro na busca: Page.query_selector_all: Target page, context or browser has been closed
2025-12-24 16:54:10.285 | ERROR    | app.automation.browser:search_projects:138 - Erro no Fast Search: No module named 'bs4', caindo para Browser.
2025-12-24 16:54:10.286 | INFO     | app.automation.components.project_scraper:search_projects:46 - Scraping página 1: https://www.workana.com/jobs?category=it-programming
2025-12-24 16:54:10.288 | WARNING  | app.automation.components.project_scraper:search_projects:52 - Erro ao carregar página 1: Page.goto: Target page, context or browser has been closed
2025-12-24 16:54:10.290 | ERROR    | app.automation.browser:search_projects:157 - Erro na busca: Page.query_selector_all: Target page, context or browser has been closed
2025-12-24 16:54:10.579 | ERROR    | app.automation.browser:search_projects:138 - Erro no Fast Search: No module named 'bs4', caindo para Browser.
2025-12-24 16:54:10.579 | INFO     | app.automation.components.project_scraper:search_projects:46 - Scraping página 1: https://www.workana.com/jobs?category=it-programming
2025-12-24 16:54:10.582 | WARNING  | app.automation.components.project_scraper:search_projects:52 - Erro ao carregar página 1: Page.goto: Target page, context or browser has been closed
2025-12-24 16:54:10.584 | ERROR    | app.automation.browser:search_projects:157 - Erro na busca: Page.query_selector_all: Target page, context or browser has been closed
2025-12-24 16:54:27.518 | INFO     | app.main:lifespan:39 - 🚀 Iniciando Workana Automation API...
2025-12-24 16:54:27.533 | INFO     | app.main:lifespan:43 - ✅ Banco de dados inicializado
2025-12-24 16:54:40.976 | ERROR    | app.automation.browser:search_projects:138 - Erro no Fast Search: No module named 'bs4', caindo para Browser.
2025-12-24 16:54:40.976 | INFO     | app.automation.components.browser_driver:init_browser:40 - Inicializando navegador Playwright (Componente)...
2025-12-24 16:54:41.709 | INFO     | app.automation.components.browser_driver:init_browser:82 - Navegador inicializado com sucesso!
2025-12-24 16:54:41.710 | INFO     | app.automation.components.project_scraper:search_projects:46 - Scraping página 1: https://www.workana.com/jobs?category=it-programming
2025-12-24 16:54:45.410 | INFO     | app.automation.components.project_scraper:search_projects:70 - Extraídos 9 projetos da página 1
2025-12-24 16:54:51.284 | ERROR    | app.automation.browser:search_projects:138 - Erro no Fast Search: No module named 'bs4', caindo para Browser.
2025-12-24 16:54:51.284 | INFO     | app.automation.components.project_scraper:search_projects:46 - Scraping página 2: https://www.workana.com/jobs?category=it-programming&page=2
2025-12-24 16:54:54.711 | INFO     | app.automation.components.project_scraper:search_projects:70 - Extraídos 9 projetos da página 2
2025-12-24 17:09:40.067 | ERROR    | app.automation.browser:search_projects:138 - Erro no Fast Search: No module named 'bs4', caindo para Browser.
2025-12-24 17:09:40.072 | INFO     | app.automation.components.project_scraper:search_projects:46 - Scraping página 1: https://www.workana.com/jobs
2025-12-24 17:09:51.281 | INFO     | app.automation.components.project_scraper:search_projects:70 - Extraídos 9 projetos da página 1
2025-12-24 17:15:54.289 | ERROR    | app.automation.browser:search_projects:138 - Erro no Fast Search: No module named 'bs4', caindo para Browser.
2025-12-24 17:15:54.290 | INFO     | app.automation.components.project_scraper:search_projects:46 - Scraping página 1: https://www.workana.com/jobs?query=Automated Test
2025-12-24 17:15:54.295 | ERROR    | app.automation.browser:search_projects:138 - Erro no Fast Search: No module named 'bs4', caindo para Browser.
2025-12-24 17:15:54.296 | INFO     | app.automation.components.project_scraper:search_projects:46 - Scraping página 1: https://www.workana.com/jobs?query=Automated Test
2025-12-24 17:15:54.434 | WARNING  | app.automation.components.project_scraper:search_projects:52 - Erro ao carregar página 1: Page.goto: net::ERR_ABORTED at https://www.workana.com/jobs?query=Automated%20Test
Call log:
  - navigating to "https://www.workana.com/jobs?query=Automated%20Test", waiting until "domcontentloaded"

2025-12-24 17:16:02.123 | ERROR    | app.automation.browser:search_projects:157 - Erro na busca: Page.query_selector_all: Execution context was destroyed, most likely because of a navigation
2025-12-24 17:16:04.402 | INFO     | app.automation.components.project_scraper:search_projects:58 - Sem projetos nesta página.
